# JRE version: Java(TM) SE Runtime Environment (8.0_45-b15) (build 1.8.0_45-b15)
# Java VM: Java HotSpot(TM) 64-Bit Server VM (25.45-b02 mixed mode windows-amd64 compressed oops)
Heap:
 PSYoungGen      total 71680K, used 51637K [0x00000007aab00000, 0x00000007b3700000, 0x00000007c0000000)
  eden space 66560K, 77% used [0x00000007aab00000,0x00000007add6d590,0x00000007aec00000)
  from space 5120K, 0% used [0x00000007aec00000,0x00000007aec00000,0x00000007af100000)
  to   space 5120K, 0% used [0x00000007b3200000,0x00000007b3200000,0x00000007b3700000)
 ParOldGen       total 68608K, used 12488K [0x0000000780000000, 0x0000000784300000, 0x00000007aab00000)
  object space 68608K, 18% used [0x0000000780000000,0x0000000780c32078,0x0000000784300000)
 Metaspace       used 27705K, capacity 28052K, committed 28160K, reserved 1073152K
  class space    used 3723K, capacity 3830K, committed 3840K, reserved 1048576K
GC Heap History (8 events):
Event: 0.741 GC heap before
{Heap before GC invocations=1 (full 0):
 PSYoungGen      total 38400K, used 33280K [0x00000007aab00000, 0x00000007ad580000, 0x00000007c0000000)
  eden space 33280K, 100% used [0x00000007aab00000,0x00000007acb80000,0x00000007acb80000)
  from space 5120K, 0% used [0x00000007ad080000,0x00000007ad080000,0x00000007ad580000)
  to   space 5120K, 0% used [0x00000007acb80000,0x00000007acb80000,0x00000007ad080000)
 ParOldGen       total 87552K, used 0K [0x0000000780000000, 0x0000000785580000, 0x00000007aab00000)
  object space 87552K, 0% used [0x0000000780000000,0x0000000780000000,0x0000000785580000)
 Metaspace       used 6870K, capacity 7110K, committed 7424K, reserved 1056768K
  class space    used 858K, capacity 947K, committed 1024K, reserved 1048576K
Event: 0.767 GC heap after
Heap after GC invocations=1 (full 0):
 PSYoungGen      total 38400K, used 4642K [0x00000007aab00000, 0x00000007af600000, 0x00000007c0000000)
  eden space 33280K, 0% used [0x00000007aab00000,0x00000007aab00000,0x00000007acb80000)
  from space 5120K, 90% used [0x00000007acb80000,0x00000007ad0089e0,0x00000007ad080000)
  to   space 5120K, 0% used [0x00000007af100000,0x00000007af100000,0x00000007af600000)
 ParOldGen       total 87552K, used 8K [0x0000000780000000, 0x0000000785580000, 0x00000007aab00000)
  object space 87552K, 0% used [0x0000000780000000,0x0000000780002000,0x0000000785580000)
 Metaspace       used 6870K, capacity 7110K, committed 7424K, reserved 1056768K
  class space    used 858K, capacity 947K, committed 1024K, reserved 1048576K
}
Event: 1.339 GC heap before
{Heap before GC invocations=2 (full 0):
 PSYoungGen      total 38400K, used 37922K [0x00000007aab00000, 0x00000007af600000, 0x00000007c0000000)
  eden space 33280K, 100% used [0x00000007aab00000,0x00000007acb80000,0x00000007acb80000)
  from space 5120K, 90% used [0x00000007acb80000,0x00000007ad0089e0,0x00000007ad080000)
  to   space 5120K, 0% used [0x00000007af100000,0x00000007af100000,0x00000007af600000)
 ParOldGen       total 87552K, used 8K [0x0000000780000000, 0x0000000785580000, 0x00000007aab00000)
  object space 87552K, 0% used [0x0000000780000000,0x0000000780002000,0x0000000785580000)
 Metaspace       used 12578K, capacity 12858K, committed 12928K, reserved 1060864K
  class space    used 1748K, capacity 1853K, committed 1920K, reserved 1048576K
Event: 1.345 GC heap after
Heap after GC invocations=2 (full 0):
 PSYoungGen      total 71680K, used 5104K [0x00000007aab00000, 0x00000007af600000, 0x00000007c0000000)
  eden space 66560K, 0% used [0x00000007aab00000,0x00000007aab00000,0x00000007aec00000)
  from space 5120K, 99% used [0x00000007af100000,0x00000007af5fc218,0x00000007af600000)
  to   space 5120K, 0% used [0x00000007aec00000,0x00000007aec00000,0x00000007af100000)
 ParOldGen       total 87552K, used 1241K [0x0000000780000000, 0x0000000785580000, 0x00000007aab00000)
  object space 87552K, 1% used [0x0000000780000000,0x00000007801365b8,0x0000000785580000)
 Metaspace       used 12578K, capacity 12858K, committed 12928K, reserved 1060864K
  class space    used 1748K, capacity 1853K, committed 1920K, reserved 1048576K
}
Event: 2.519 GC heap before
{Heap before GC invocations=3 (full 0):
 PSYoungGen      total 71680K, used 66430K [0x00000007aab00000, 0x00000007af600000, 0x00000007c0000000)
  eden space 66560K, 92% used [0x00000007aab00000,0x00000007ae6e37d8,0x00000007aec00000)
  from space 5120K, 99% used [0x00000007af100000,0x00000007af5fc218,0x00000007af600000)
  to   space 5120K, 0% used [0x00000007aec00000,0x00000007aec00000,0x00000007af100000)
 ParOldGen       total 87552K, used 1241K [0x0000000780000000, 0x0000000785580000, 0x00000007aab00000)
  object space 87552K, 1% used [0x0000000780000000,0x00000007801365b8,0x0000000785580000)
 Metaspace       used 20807K, capacity 21162K, committed 21248K, reserved 1067008K
  class space    used 2908K, capacity 3053K, committed 3072K, reserved 1048576K
Event: 2.530 GC heap after
Heap after GC invocations=3 (full 0):
 PSYoungGen      total 71680K, used 5101K [0x00000007aab00000, 0x00000007b3700000, 0x00000007c0000000)
  eden space 66560K, 0% used [0x00000007aab00000,0x00000007aab00000,0x00000007aec00000)
  from space 5120K, 99% used [0x00000007aec00000,0x00000007af0fb710,0x00000007af100000)
  to   space 5120K, 0% used [0x00000007b3200000,0x00000007b3200000,0x00000007b3700000)
 ParOldGen       total 87552K, used 9054K [0x0000000780000000, 0x0000000785580000, 0x00000007aab00000)
  object space 87552K, 10% used [0x0000000780000000,0x00000007808d79f0,0x0000000785580000)
 Metaspace       used 20807K, capacity 21162K, committed 21248K, reserved 1067008K
  class space    used 2908K, capacity 3053K, committed 3072K, reserved 1048576K
}
Event: 2.530 GC heap before
{Heap before GC invocations=4 (full 1):
 PSYoungGen      total 71680K, used 5101K [0x00000007aab00000, 0x00000007b3700000, 0x00000007c0000000)
  eden space 66560K, 0% used [0x00000007aab00000,0x00000007aab00000,0x00000007aec00000)
  from space 5120K, 99% used [0x00000007aec00000,0x00000007af0fb710,0x00000007af100000)
  to   space 5120K, 0% used [0x00000007b3200000,0x00000007b3200000,0x00000007b3700000)
 ParOldGen       total 87552K, used 9054K [0x0000000780000000, 0x0000000785580000, 0x00000007aab00000)
  object space 87552K, 10% used [0x0000000780000000,0x00000007808d79f0,0x0000000785580000)
 Metaspace       used 20807K, capacity 21162K, committed 21248K, reserved 1067008K
  class space    used 2908K, capacity 3053K, committed 3072K, reserved 1048576K
Event: 2.563 GC heap after
Heap after GC invocations=4 (full 1):
 PSYoungGen      total 71680K, used 0K [0x00000007aab00000, 0x00000007b3700000, 0x00000007c0000000)
  eden space 66560K, 0% used [0x00000007aab00000,0x00000007aab00000,0x00000007aec00000)
  from space 5120K, 0% used [0x00000007aec00000,0x00000007aec00000,0x00000007af100000)
  to   space 5120K, 0% used [0x00000007b3200000,0x00000007b3200000,0x00000007b3700000)
 ParOldGen       total 68608K, used 12488K [0x0000000780000000, 0x0000000784300000, 0x00000007aab00000)
  object space 68608K, 18% used [0x0000000780000000,0x0000000780c32078,0x0000000784300000)
 Metaspace       used 20794K, capacity 21146K, committed 21248K, reserved 1067008K
  class space    used 2904K, capacity 3049K, committed 3072K, reserved 1048576K
}

